# JRE version: Java(TM) SE Runtime Environment 18.9 (11.0.11+9) (build 11.0.11+9-LTS-194)
# Java VM: Java HotSpot(TM) 64-Bit Server VM 18.9 (11.0.11+9-LTS-194, mixed mode, tiered, compressed oops, g1 gc, windows-amd64)
Heap:
 garbage-first heap   total 155648K, used 40712K [0x0000000082800000, 0x0000000100000000)
  region size 1024K, 29 young (29696K), 5 survivors (5120K)
 Metaspace       used 36183K, capacity 37555K, committed 37660K, reserved 1081344K
  class space    used 4453K, capacity 4968K, committed 5024K, reserved 1048576K
GC Heap History (10 events):
Event: 1.019 GC heap before
{Heap before GC invocations=3 (full 0):
 garbage-first heap   total 129024K, used 27536K [0x0000000082800000, 0x0000000100000000)
  region size 1024K, 23 young (23552K), 5 survivors (5120K)
 Metaspace       used 23252K, capacity 23939K, committed 24240K, reserved 1071104K
  class space    used 2728K, capacity 3005K, committed 3072K, reserved 1048576K
}
Event: 1.024 GC heap after
{Heap after GC invocations=4 (full 0):
 garbage-first heap   total 129024K, used 9764K [0x0000000082800000, 0x0000000100000000)
  region size 1024K, 1 young (1024K), 1 survivors (1024K)
 Metaspace       used 23252K, capacity 23939K, committed 24240K, reserved 1071104K
  class space    used 2728K, capacity 3005K, committed 3072K, reserved 1048576K
}
Event: 1.126 GC heap before
{Heap before GC invocations=4 (full 0):
 garbage-first heap   total 129024K, used 61988K [0x0000000082800000, 0x0000000100000000)
  region size 1024K, 53 young (54272K), 1 survivors (1024K)
 Metaspace       used 24502K, capacity 25217K, committed 25392K, reserved 1071104K
  class space    used 2882K, capacity 3171K, committed 3200K, reserved 1048576K
}
Event: 1.131 GC heap after
{Heap after GC invocations=5 (full 0):
 garbage-first heap   total 129024K, used 10646K [0x0000000082800000, 0x0000000100000000)
  region size 1024K, 2 young (2048K), 2 survivors (2048K)
 Metaspace       used 24502K, capacity 25217K, committed 25392K, reserved 1071104K
  class space    used 2882K, capacity 3171K, committed 3200K, reserved 1048576K
}
Event: 1.492 GC heap before
{Heap before GC invocations=5 (full 0):
 garbage-first heap   total 129024K, used 71062K [0x0000000082800000, 0x0000000100000000)
  region size 1024K, 61 young (62464K), 2 survivors (2048K)
 Metaspace       used 29523K, capacity 30590K, committed 30896K, reserved 1077248K
  class space    used 3614K, capacity 4011K, committed 4096K, reserved 1048576K
}
Event: 1.498 GC heap after
{Heap after GC invocations=6 (full 0):
 garbage-first heap   total 155648K, used 12976K [0x0000000082800000, 0x0000000100000000)
  region size 1024K, 4 young (4096K), 4 survivors (4096K)
 Metaspace       used 29523K, capacity 30590K, committed 30896K, reserved 1077248K
  class space    used 3614K, capacity 4011K, committed 4096K, reserved 1048576K
}
Event: 1.784 GC heap before
{Heap before GC invocations=6 (full 0):
 garbage-first heap   total 155648K, used 84656K [0x0000000082800000, 0x0000000100000000)
  region size 1024K, 75 young (76800K), 4 survivors (4096K)
 Metaspace       used 33720K, capacity 35001K, committed 35120K, reserved 1079296K
  class space    used 4170K, capacity 4667K, committed 4736K, reserved 1048576K
}
Event: 1.790 GC heap after
{Heap after GC invocations=7 (full 0):
 garbage-first heap   total 155648K, used 16048K [0x0000000082800000, 0x0000000100000000)
  region size 1024K, 7 young (7168K), 7 survivors (7168K)
 Metaspace       used 33720K, capacity 35001K, committed 35120K, reserved 1079296K
  class space    used 4170K, capacity 4667K, committed 4736K, reserved 1048576K
}
Event: 1.880 GC heap before
{Heap before GC invocations=7 (full 0):
 garbage-first heap   total 155648K, used 46768K [0x0000000082800000, 0x0000000100000000)
  region size 1024K, 39 young (39936K), 7 survivors (7168K)
 Metaspace       used 34412K, capacity 35675K, committed 35920K, reserved 1081344K
  class space    used 4256K, capacity 4739K, committed 4768K, reserved 1048576K
}
Event: 1.886 GC heap after
{Heap after GC invocations=8 (full 0):
 garbage-first heap   total 155648K, used 17160K [0x0000000082800000, 0x0000000100000000)
  region size 1024K, 5 young (5120K), 5 survivors (5120K)
 Metaspace       used 34412K, capacity 35675K, committed 35920K, reserved 1081344K
  class space    used 4256K, capacity 4739K, committed 4768K, reserved 1048576K
}

